<testsuites id="" name="" tests="17" failures="1" skipped="16" errors="0" time="17.915958000000003">
<testsuite name="setup.ts" timestamp="2025-07-25T12:14:14.489Z" hostname="setup" tests="1" failures="1" skipped="0" time="13.177" errors="0">
<testcase name="basic setup" classname="setup.ts" time="13.177">
<failure message="setup.ts:3:6 basic setup" type="FAILURE">
<![CDATA[  [setup] › setup.ts:3:6 › basic setup ─────────────────────────────────────────────────────────────

    TimeoutError: page.waitForSelector: Timeout 10000ms exceeded.
    Call log:
      - waiting for locator('[data-testid="app-container"]') to be visible


       6 |   
       7 |   // Wait for the app to load
    >  8 |   await page.waitForSelector('[data-testid="app-container"]', { timeout: 10000 });
         |              ^
       9 |   
      10 |   // Log that setup is complete
      11 |   console.log('E2E setup complete');
        at /Users/MrZang/Development/Cursor projects/Deadahead/Game/Deadahead game/deadahead/e2e/setup.ts:8:14

    attachment #1: screenshot (image/png) ──────────────────────────────────────────────────────────
    ../test-results/setup.ts-basic-setup-setup/test-failed-1.png
    ────────────────────────────────────────────────────────────────────────────────────────────────

    attachment #2: video (video/webm) ──────────────────────────────────────────────────────────────
    ../test-results/setup.ts-basic-setup-setup/video.webm
    ────────────────────────────────────────────────────────────────────────────────────────────────

    Error Context: ../test-results/setup.ts-basic-setup-setup/error-context.md
]]>
</failure>
<system-out>
<![CDATA[
[[ATTACHMENT|test-results/setup.ts-basic-setup-setup/test-failed-1.png]]

[[ATTACHMENT|test-results/setup.ts-basic-setup-setup/video.webm]]

[[ATTACHMENT|test-results/setup.ts-basic-setup-setup/error-context.md]]
]]>
</system-out>
</testcase>
</testsuite>
<testsuite name="camera-capture.spec.ts" timestamp="2025-07-25T12:14:14.489Z" hostname="Mobile Safari" tests="8" failures="0" skipped="8" time="0" errors="0">
<testcase name="Camera Capture Flow › should show consent dialog before camera access" classname="camera-capture.spec.ts" time="0">
<skipped>
</skipped>
</testcase>
<testcase name="Camera Capture Flow › should close camera when consent is denied" classname="camera-capture.spec.ts" time="0">
<skipped>
</skipped>
</testcase>
<testcase name="Camera Capture Flow › should show camera interface when consent is given" classname="camera-capture.spec.ts" time="0">
<skipped>
</skipped>
</testcase>
<testcase name="Camera Capture Flow › should handle camera controls correctly" classname="camera-capture.spec.ts" time="0">
<skipped>
</skipped>
</testcase>
<testcase name="Camera Capture Flow › should handle photo capture flow" classname="camera-capture.spec.ts" time="0">
<skipped>
</skipped>
</testcase>
<testcase name="Camera Capture Flow › should handle photo upload errors gracefully" classname="camera-capture.spec.ts" time="0">
<skipped>
</skipped>
</testcase>
<testcase name="Camera Capture Flow › should respect consent choice across camera sessions" classname="camera-capture.spec.ts" time="0">
<skipped>
</skipped>
</testcase>
<testcase name="Camera Capture Flow › should handle camera permission denied gracefully" classname="camera-capture.spec.ts" time="0">
<skipped>
</skipped>
</testcase>
</testsuite>
<testsuite name="camera-capture.spec.ts" timestamp="2025-07-25T12:14:14.489Z" hostname="Mobile Chrome" tests="8" failures="0" skipped="8" time="0" errors="0">
<testcase name="Camera Capture Flow › should show consent dialog before camera access" classname="camera-capture.spec.ts" time="0">
<skipped>
</skipped>
</testcase>
<testcase name="Camera Capture Flow › should close camera when consent is denied" classname="camera-capture.spec.ts" time="0">
<skipped>
</skipped>
</testcase>
<testcase name="Camera Capture Flow › should show camera interface when consent is given" classname="camera-capture.spec.ts" time="0">
<skipped>
</skipped>
</testcase>
<testcase name="Camera Capture Flow › should handle camera controls correctly" classname="camera-capture.spec.ts" time="0">
<skipped>
</skipped>
</testcase>
<testcase name="Camera Capture Flow › should handle photo capture flow" classname="camera-capture.spec.ts" time="0">
<skipped>
</skipped>
</testcase>
<testcase name="Camera Capture Flow › should handle photo upload errors gracefully" classname="camera-capture.spec.ts" time="0">
<skipped>
</skipped>
</testcase>
<testcase name="Camera Capture Flow › should respect consent choice across camera sessions" classname="camera-capture.spec.ts" time="0">
<skipped>
</skipped>
</testcase>
<testcase name="Camera Capture Flow › should handle camera permission denied gracefully" classname="camera-capture.spec.ts" time="0">
<skipped>
</skipped>
</testcase>
</testsuite>
</testsuites>